<?xml version="1.0" encoding="UTF-8"?>
<testsuite xmlns:xsi="http://www.w3.org/2001/XMLSchema-instance" xsi:noNamespaceSchemaLocation="https://maven.apache.org/surefire/maven-surefire-plugin/xsd/surefire-test-report-3.0.xsd" version="3.0" name="com.weatherapp.service.DatabaseServiceTest" time="0.404" tests="2" errors="0" skipped="0" failures="0">
  <properties>
    <property name="java.specification.version" value="23"/>
    <property name="sun.cpu.isalist" value="amd64"/>
    <property name="sun.jnu.encoding" value="Cp1252"/>
    <property name="java.class.path" value="D:\BACKUP\Codes\Zeotap\02_Assignment\WeatherMonitoring\target\test-classes;D:\BACKUP\Codes\Zeotap\02_Assignment\WeatherMonitoring\target\classes;C:\Users\pccli\.m2\repository\org\mongodb\mongodb-driver-sync\4.9.1\mongodb-driver-sync-4.9.1.jar;C:\Users\pccli\.m2\repository\org\mongodb\bson\4.9.1\bson-4.9.1.jar;C:\Users\pccli\.m2\repository\org\mongodb\mongodb-driver-core\4.9.1\mongodb-driver-core-4.9.1.jar;C:\Users\pccli\.m2\repository\org\mongodb\bson-record-codec\4.9.1\bson-record-codec-4.9.1.jar;C:\Users\pccli\.m2\repository\com\fasterxml\jackson\core\jackson-databind\2.15.2\jackson-databind-2.15.2.jar;C:\Users\pccli\.m2\repository\com\fasterxml\jackson\core\jackson-core\2.15.2\jackson-core-2.15.2.jar;C:\Users\pccli\.m2\repository\com\fasterxml\jackson\core\jackson-annotations\2.15.2\jackson-annotations-2.15.2.jar;C:\Users\pccli\.m2\repository\org\junit\jupiter\junit-jupiter\5.9.2\junit-jupiter-5.9.2.jar;C:\Users\pccli\.m2\repository\org\junit\jupiter\junit-jupiter-api\5.9.2\junit-jupiter-api-5.9.2.jar;C:\Users\pccli\.m2\repository\org\opentest4j\opentest4j\1.2.0\opentest4j-1.2.0.jar;C:\Users\pccli\.m2\repository\org\junit\platform\junit-platform-commons\1.9.2\junit-platform-commons-1.9.2.jar;C:\Users\pccli\.m2\repository\org\apiguardian\apiguardian-api\1.1.2\apiguardian-api-1.1.2.jar;C:\Users\pccli\.m2\repository\org\junit\jupiter\junit-jupiter-params\5.9.2\junit-jupiter-params-5.9.2.jar;C:\Users\pccli\.m2\repository\org\junit\jupiter\junit-jupiter-engine\5.9.2\junit-jupiter-engine-5.9.2.jar;C:\Users\pccli\.m2\repository\org\junit\platform\junit-platform-engine\1.9.2\junit-platform-engine-1.9.2.jar;C:\Users\pccli\.m2\repository\org\mockito\mockito-junit-jupiter\5.3.1\mockito-junit-jupiter-5.3.1.jar;C:\Users\pccli\.m2\repository\org\mockito\mockito-core\5.3.1\mockito-core-5.3.1.jar;C:\Users\pccli\.m2\repository\net\bytebuddy\byte-buddy\1.14.4\byte-buddy-1.14.4.jar;C:\Users\pccli\.m2\repository\net\bytebuddy\byte-buddy-agent\1.14.4\byte-buddy-agent-1.14.4.jar;C:\Users\pccli\.m2\repository\org\objenesis\objenesis\3.3\objenesis-3.3.jar;C:\Users\pccli\.m2\repository\org\json\json\20230227\json-20230227.jar;C:\Users\pccli\.m2\repository\org\slf4j\slf4j-api\2.0.7\slf4j-api-2.0.7.jar;C:\Users\pccli\.m2\repository\ch\qos\logback\logback-classic\1.4.7\logback-classic-1.4.7.jar;C:\Users\pccli\.m2\repository\ch\qos\logback\logback-core\1.4.7\logback-core-1.4.7.jar;"/>
    <property name="java.vm.vendor" value="Oracle Corporation"/>
    <property name="sun.arch.data.model" value="64"/>
    <property name="user.variant" value=""/>
    <property name="java.vendor.url" value="https://java.oracle.com/"/>
    <property name="user.timezone" value="Asia/Calcutta"/>
    <property name="os.name" value="Windows 11"/>
    <property name="java.vm.specification.version" value="23"/>
    <property name="sun.java.launcher" value="SUN_STANDARD"/>
    <property name="user.country" value="IN"/>
    <property name="sun.boot.library.path" value="C:\Program Files\Java\bin"/>
    <property name="sun.java.command" value="C:\Users\pccli\AppData\Local\Temp\surefire6519692849457632738\surefirebooter-20241026202523423_3.jar C:\Users\pccli\AppData\Local\Temp\surefire6519692849457632738 2024-10-26T20-25-23_306-jvmRun1 surefire-20241026202523423_1tmp surefire_0-20241026202523423_2tmp"/>
    <property name="jdk.debug" value="release"/>
    <property name="surefire.test.class.path" value="D:\BACKUP\Codes\Zeotap\02_Assignment\WeatherMonitoring\target\test-classes;D:\BACKUP\Codes\Zeotap\02_Assignment\WeatherMonitoring\target\classes;C:\Users\pccli\.m2\repository\org\mongodb\mongodb-driver-sync\4.9.1\mongodb-driver-sync-4.9.1.jar;C:\Users\pccli\.m2\repository\org\mongodb\bson\4.9.1\bson-4.9.1.jar;C:\Users\pccli\.m2\repository\org\mongodb\mongodb-driver-core\4.9.1\mongodb-driver-core-4.9.1.jar;C:\Users\pccli\.m2\repository\org\mongodb\bson-record-codec\4.9.1\bson-record-codec-4.9.1.jar;C:\Users\pccli\.m2\repository\com\fasterxml\jackson\core\jackson-databind\2.15.2\jackson-databind-2.15.2.jar;C:\Users\pccli\.m2\repository\com\fasterxml\jackson\core\jackson-core\2.15.2\jackson-core-2.15.2.jar;C:\Users\pccli\.m2\repository\com\fasterxml\jackson\core\jackson-annotations\2.15.2\jackson-annotations-2.15.2.jar;C:\Users\pccli\.m2\repository\org\junit\jupiter\junit-jupiter\5.9.2\junit-jupiter-5.9.2.jar;C:\Users\pccli\.m2\repository\org\junit\jupiter\junit-jupiter-api\5.9.2\junit-jupiter-api-5.9.2.jar;C:\Users\pccli\.m2\repository\org\opentest4j\opentest4j\1.2.0\opentest4j-1.2.0.jar;C:\Users\pccli\.m2\repository\org\junit\platform\junit-platform-commons\1.9.2\junit-platform-commons-1.9.2.jar;C:\Users\pccli\.m2\repository\org\apiguardian\apiguardian-api\1.1.2\apiguardian-api-1.1.2.jar;C:\Users\pccli\.m2\repository\org\junit\jupiter\junit-jupiter-params\5.9.2\junit-jupiter-params-5.9.2.jar;C:\Users\pccli\.m2\repository\org\junit\jupiter\junit-jupiter-engine\5.9.2\junit-jupiter-engine-5.9.2.jar;C:\Users\pccli\.m2\repository\org\junit\platform\junit-platform-engine\1.9.2\junit-platform-engine-1.9.2.jar;C:\Users\pccli\.m2\repository\org\mockito\mockito-junit-jupiter\5.3.1\mockito-junit-jupiter-5.3.1.jar;C:\Users\pccli\.m2\repository\org\mockito\mockito-core\5.3.1\mockito-core-5.3.1.jar;C:\Users\pccli\.m2\repository\net\bytebuddy\byte-buddy\1.14.4\byte-buddy-1.14.4.jar;C:\Users\pccli\.m2\repository\net\bytebuddy\byte-buddy-agent\1.14.4\byte-buddy-agent-1.14.4.jar;C:\Users\pccli\.m2\repository\org\objenesis\objenesis\3.3\objenesis-3.3.jar;C:\Users\pccli\.m2\repository\org\json\json\20230227\json-20230227.jar;C:\Users\pccli\.m2\repository\org\slf4j\slf4j-api\2.0.7\slf4j-api-2.0.7.jar;C:\Users\pccli\.m2\repository\ch\qos\logback\logback-classic\1.4.7\logback-classic-1.4.7.jar;C:\Users\pccli\.m2\repository\ch\qos\logback\logback-core\1.4.7\logback-core-1.4.7.jar;"/>
    <property name="sun.cpu.endian" value="little"/>
    <property name="user.home" value="C:\Users\pccli"/>
    <property name="user.language" value="en"/>
    <property name="java.specification.vendor" value="Oracle Corporation"/>
    <property name="java.version.date" value="2024-10-15"/>
    <property name="java.home" value="C:\Program Files\Java"/>
    <property name="file.separator" value="\"/>
    <property name="basedir" value="D:\BACKUP\Codes\Zeotap\02_Assignment\WeatherMonitoring"/>
    <property name="java.vm.compressedOopsMode" value="32-bit"/>
    <property name="line.separator" value="&#10;"/>
    <property name="java.vm.specification.vendor" value="Oracle Corporation"/>
    <property name="java.specification.name" value="Java Platform API Specification"/>
    <property name="surefire.real.class.path" value="C:\Users\pccli\AppData\Local\Temp\surefire6519692849457632738\surefirebooter-20241026202523423_3.jar"/>
    <property name="user.script" value=""/>
    <property name="sun.management.compiler" value="HotSpot 64-Bit Tiered Compilers"/>
    <property name="java.runtime.version" value="23.0.1+11-39"/>
    <property name="user.name" value="pccli"/>
    <property name="stdout.encoding" value="Cp1252"/>
    <property name="path.separator" value=";"/>
    <property name="os.version" value="10.0"/>
    <property name="java.runtime.name" value="Java(TM) SE Runtime Environment"/>
    <property name="file.encoding" value="UTF-8"/>
    <property name="java.vm.name" value="Java HotSpot(TM) 64-Bit Server VM"/>
    <property name="localRepository" value="C:\Users\pccli\.m2\repository"/>
    <property name="java.vendor.url.bug" value="https://bugreport.java.com/bugreport/"/>
    <property name="java.io.tmpdir" value="C:\Users\pccli\AppData\Local\Temp\"/>
    <property name="java.version" value="23.0.1"/>
    <property name="user.dir" value="D:\BACKUP\Codes\Zeotap\02_Assignment\WeatherMonitoring"/>
    <property name="os.arch" value="amd64"/>
    <property name="java.vm.specification.name" value="Java Virtual Machine Specification"/>
    <property name="sun.os.patch.level" value=""/>
    <property name="native.encoding" value="Cp1252"/>
    <property name="java.library.path" value="C:\Program Files\Java\bin;C:\Windows\Sun\Java\bin;C:\Windows\system32;C:\Windows;C:\Program Files\Common Files\Oracle\Java\javapath;C:\Windows\system32;C:\Windows;C:\Windows\System32\Wbem;C:\Windows\System32\WindowsPowerShell\v1.0\;C:\Windows\System32\OpenSSH\;C:\Program Files\Microsoft SQL Server\150\Tools\Binn\;C:\Program Files\Microsoft SQL Server\Client SDK\ODBC\170\Tools\Binn\;C:\Program Files\dotnet\;C:\Program Files (x86)\Windows Kits\10\Windows Performance Toolkit\;C:\Program Files\Java\bin;E:\apache-maven-3.9.9\bin;C:\Program Files\MongoDB\Server\8.0\bin;C:\Program Files\Git\cmd;C:\Users\pccli\AppData\Local\Microsoft\WindowsApps;C:\Users\pccli\.dotnet\tools;C:\Program Files\mongosh\;."/>
    <property name="java.vm.info" value="mixed mode, sharing"/>
    <property name="stderr.encoding" value="Cp1252"/>
    <property name="java.vendor" value="Oracle Corporation"/>
    <property name="java.vm.version" value="23.0.1+11-39"/>
    <property name="sun.io.unicode.encoding" value="UnicodeLittle"/>
    <property name="java.class.version" value="67.0"/>
  </properties>
  <testcase name="testGetHistoricalData" classname="com.weatherapp.service.DatabaseServiceTest" time="0.059">
    <system-out><![CDATA[20:25:24.231 [main] DEBUG org.mongodb.driver.cluster -- Updating cluster description to  {type=UNKNOWN, servers=[{address=localhost:27017, type=UNKNOWN, state=CONNECTING}]
20:25:24.249 [main] INFO org.mongodb.driver.client -- MongoClient with metadata {"driver": {"name": "mongo-java-driver|sync", "version": "4.9.1"}, "os": {"type": "Windows", "name": "Windows 11", "architecture": "amd64", "version": "10.0"}, "platform": "Java/Oracle Corporation/23.0.1+11-39"} created with settings MongoClientSettings{readPreference=primary, writeConcern=WriteConcern{w=null, wTimeout=null ms, journal=null}, retryWrites=true, retryReads=true, readConcern=ReadConcern{level=null}, credential=null, streamFactoryFactory=null, commandListeners=[], codecRegistry=ProvidersCodecRegistry{codecProviders=[ValueCodecProvider{}, BsonValueCodecProvider{}, DBRefCodecProvider{}, DBObjectCodecProvider{}, DocumentCodecProvider{}, CollectionCodecProvider{}, IterableCodecProvider{}, MapCodecProvider{}, GeoJsonCodecProvider{}, GridFSFileCodecProvider{}, Jsr310CodecProvider{}, JsonObjectCodecProvider{}, BsonCodecProvider{}, EnumCodecProvider{}, com.mongodb.client.model.mql.ExpressionCodecProvider@62833051, com.mongodb.Jep395RecordCodecProvider@1c852c0f]}, loggerSettings=LoggerSettings{maxDocumentLength=1000}, clusterSettings={hosts=[localhost:27017], srvServiceName=mongodb, mode=SINGLE, requiredClusterType=UNKNOWN, requiredReplicaSetName='null', serverSelector='null', clusterListeners='[]', serverSelectionTimeout='30000 ms', localThreshold='30000 ms'}, socketSettings=SocketSettings{connectTimeoutMS=10000, readTimeoutMS=0, receiveBufferSize=0, sendBufferSize=0}, heartbeatSocketSettings=SocketSettings{connectTimeoutMS=10000, readTimeoutMS=10000, receiveBufferSize=0, sendBufferSize=0}, connectionPoolSettings=ConnectionPoolSettings{maxSize=100, minSize=0, maxWaitTimeMS=120000, maxConnectionLifeTimeMS=0, maxConnectionIdleTimeMS=0, maintenanceInitialDelayMS=0, maintenanceFrequencyMS=60000, connectionPoolListeners=[], maxConnecting=2}, serverSettings=ServerSettings{heartbeatFrequencyMS=10000, minHeartbeatFrequencyMS=500, serverListeners='[]', serverMonitorListeners='[]'}, sslSettings=SslSettings{enabled=false, invalidHostNameAllowed=false, context=null}, applicationName='null', compressorList=[], uuidRepresentation=UNSPECIFIED, serverApi=null, autoEncryptionSettings=null, contextProvider=null}
20:25:24.276 [main] INFO org.mongodb.driver.cluster -- Cluster description not yet available. Waiting for 30000 ms before timing out
20:25:24.276 [cluster-rtt-ClusterId{value='671d02dc1c3f7167c7c0ac19', description='null'}-localhost:27017] DEBUG org.mongodb.driver.connection -- Opened connection [connectionId{localValue:1, serverValue:8}] to localhost:27017
20:25:24.276 [cluster-ClusterId{value='671d02dc1c3f7167c7c0ac19', description='null'}-localhost:27017] DEBUG org.mongodb.driver.connection -- Opened connection [connectionId{localValue:2, serverValue:7}] to localhost:27017
20:25:24.277 [cluster-ClusterId{value='671d02dc1c3f7167c7c0ac19', description='null'}-localhost:27017] INFO org.mongodb.driver.cluster -- Monitor thread successfully connected to server with description ServerDescription{address=localhost:27017, type=STANDALONE, state=CONNECTED, ok=true, minWireVersion=0, maxWireVersion=25, maxDocumentSize=16777216, logicalSessionTimeoutMinutes=30, roundTripTimeNanos=24149900}
20:25:24.278 [cluster-ClusterId{value='671d02dc1c3f7167c7c0ac19', description='null'}-localhost:27017] DEBUG org.mongodb.driver.connection -- Marking the connection pool for ServerId{clusterId=ClusterId{value='671d02dc1c3f7167c7c0ac19', description='null'}, address=localhost:27017} as 'ready'
20:25:24.279 [MaintenanceTimer-2-thread-1] DEBUG org.mongodb.driver.connection -- Pruning pooled connections to localhost:27017
20:25:24.281 [cluster-ClusterId{value='671d02dc1c3f7167c7c0ac19', description='null'}-localhost:27017] DEBUG org.mongodb.driver.cluster -- Updating cluster description to  {type=STANDALONE, servers=[{address=localhost:27017, type=STANDALONE, roundTripTime=24.1 ms, state=CONNECTED}]
20:25:24.281 [cluster-ClusterId{value='671d02dc1c3f7167c7c0ac19', description='null'}-localhost:27017] DEBUG org.mongodb.driver.cluster -- Checking status of localhost:27017
20:25:24.301 [main] DEBUG org.mongodb.driver.connection -- Opened connection [connectionId{localValue:3, serverValue:9}] to localhost:27017
20:25:24.302 [main] DEBUG org.mongodb.driver.operation -- retryWrites set to true but the server is a standalone server.
20:25:24.304 [main] DEBUG org.mongodb.driver.operation -- retryWrites set to true but the server is a standalone server.
20:25:24.316 [main] DEBUG org.mongodb.driver.protocol.command -- Command "delete" started on database weatherDB using a connection with driver-generated ID 3 and server-generated ID 9 to localhost:27017. The request ID is 5. Command: {"delete": "weatherData", "ordered": true, "$db": "weatherDB", "lsid": {"id": {"$binary": {"base64": "/PYFAY4GSUKaoYx26lz2/w==", "subType": "04"}}}, "deletes": [{"q": {}, "limit": 0}]}
20:25:24.319 [main] DEBUG org.mongodb.driver.protocol.command -- Command "delete" succeeded in 7.31 ms using a connection with driver-generated ID 3 and server-generated ID 9 to localhost:27017. The request ID is 5. Command reply: {"n": 0, "ok": 1.0}
20:25:24.337 [main] DEBUG org.mongodb.driver.operation -- retryWrites set to true but the server is a standalone server.
20:25:24.337 [main] DEBUG org.mongodb.driver.operation -- retryWrites set to true but the server is a standalone server.
20:25:24.347 [main] DEBUG org.mongodb.driver.protocol.command -- Command "insert" started on database weatherDB using a connection with driver-generated ID 3 and server-generated ID 9 to localhost:27017. The request ID is 6. Command: {"insert": "weatherData", "ordered": true, "$db": "weatherDB", "lsid": {"id": {"$binary": {"base64": "/PYFAY4GSUKaoYx26lz2/w==", "subType": "04"}}}, "documents": [{"_id": {"$oid": "671d02dc1c3f7167c7c0ac1a"}, "city": "TestCity", "temperature": 20.0, "humidity": 55.0, "windSpeed": 8.0, "timestamp": 1729950924335}]}
20:25:24.349 [main] DEBUG org.mongodb.driver.protocol.command -- Command "insert" succeeded in 3.15 ms using a connection with driver-generated ID 3 and server-generated ID 9 to localhost:27017. The request ID is 6. Command reply: {"n": 1, "ok": 1.0}
20:25:24.351 [main] DEBUG org.mongodb.driver.operation -- retryWrites set to true but the server is a standalone server.
20:25:24.351 [main] DEBUG org.mongodb.driver.operation -- retryWrites set to true but the server is a standalone server.
20:25:24.352 [main] DEBUG org.mongodb.driver.protocol.command -- Command "insert" started on database weatherDB using a connection with driver-generated ID 3 and server-generated ID 9 to localhost:27017. The request ID is 7. Command: {"insert": "weatherData", "ordered": true, "$db": "weatherDB", "lsid": {"id": {"$binary": {"base64": "/PYFAY4GSUKaoYx26lz2/w==", "subType": "04"}}}, "documents": [{"_id": {"$oid": "671d02dc1c3f7167c7c0ac1b"}, "city": "TestCity", "temperature": 22.0, "humidity": 58.0, "windSpeed": 9.0, "timestamp": 1729954524335}]}
20:25:24.353 [main] DEBUG org.mongodb.driver.protocol.command -- Command "insert" succeeded in 1.81 ms using a connection with driver-generated ID 3 and server-generated ID 9 to localhost:27017. The request ID is 7. Command reply: {"n": 1, "ok": 1.0}
20:25:24.365 [main] DEBUG org.mongodb.driver.protocol.command -- Command "find" started on database weatherDB using a connection with driver-generated ID 3 and server-generated ID 9 to localhost:27017. The request ID is 8. Command: {"find": "weatherData", "filter": {"city": "TestCity", "timestamp": {"$gte": 1729947324335, "$lte": 1729958124335}}, "sort": {"timestamp": 1}, "$db": "weatherDB", "lsid": {"id": {"$binary": {"base64": "/PYFAY4GSUKaoYx26lz2/w==", "subType": "04"}}}}
20:25:24.368 [main] DEBUG org.mongodb.driver.protocol.command -- Command "find" succeeded in 2.54 ms using a connection with driver-generated ID 3 and server-generated ID 9 to localhost:27017. The request ID is 8. Command reply: {"cursor": {"firstBatch": [{"_id": {"$oid": "671d02dc1c3f7167c7c0ac1a"}, "city": "TestCity", "temperature": 20.0, "humidity": 55.0, "windSpeed": 8.0, "timestamp": 1729950924335}, {"_id": {"$oid": "671d02dc1c3f7167c7c0ac1b"}, "city": "TestCity", "temperature": 22.0, "humidity": 58.0, "windSpeed": 9.0, "timestamp": 1729954524335}], "id": 0, "ns": "weatherDB.weatherData"}, "ok": 1.0}
20:25:24.371 [main] DEBUG org.mongodb.driver.operation -- Received batch of 2 documents with cursorId 0 from server localhost:27017
]]></system-out>
  </testcase>
  <testcase name="testSaveAndRetrieveWeatherData" classname="com.weatherapp.service.DatabaseServiceTest" time="0.013">
    <system-out><![CDATA[20:25:24.392 [main] DEBUG org.mongodb.driver.operation -- retryWrites set to true but the server is a standalone server.
20:25:24.392 [main] DEBUG org.mongodb.driver.operation -- retryWrites set to true but the server is a standalone server.
20:25:24.394 [main] DEBUG org.mongodb.driver.protocol.command -- Command "insert" started on database weatherDB using a connection with driver-generated ID 3 and server-generated ID 9 to localhost:27017. The request ID is 9. Command: {"insert": "weatherData", "ordered": true, "$db": "weatherDB", "lsid": {"id": {"$binary": {"base64": "/PYFAY4GSUKaoYx26lz2/w==", "subType": "04"}}}, "documents": [{"_id": {"$oid": "671d02dc1c3f7167c7c0ac1c"}, "city": "TestCity", "temperature": 25.5, "humidity": 60.0, "windSpeed": 10.0, "timestamp": 1729954524392}]}
20:25:24.396 [main] DEBUG org.mongodb.driver.protocol.command -- Command "insert" succeeded in 2.43 ms using a connection with driver-generated ID 3 and server-generated ID 9 to localhost:27017. The request ID is 9. Command reply: {"n": 1, "ok": 1.0}
20:25:24.397 [main] DEBUG org.mongodb.driver.protocol.command -- Command "find" started on database weatherDB using a connection with driver-generated ID 3 and server-generated ID 9 to localhost:27017. The request ID is 10. Command: {"find": "weatherData", "filter": {"city": "TestCity"}, "sort": {"timestamp": -1}, "limit": 1, "singleBatch": true, "$db": "weatherDB", "lsid": {"id": {"$binary": {"base64": "/PYFAY4GSUKaoYx26lz2/w==", "subType": "04"}}}}
20:25:24.399 [main] DEBUG org.mongodb.driver.protocol.command -- Command "find" succeeded in 1.74 ms using a connection with driver-generated ID 3 and server-generated ID 9 to localhost:27017. The request ID is 10. Command reply: {"cursor": {"firstBatch": [{"_id": {"$oid": "671d02dc1c3f7167c7c0ac1c"}, "city": "TestCity", "temperature": 25.5, "humidity": 60.0, "windSpeed": 10.0, "timestamp": 1729954524392}], "id": 0, "ns": "weatherDB.weatherData"}, "ok": 1.0}
20:25:24.399 [main] DEBUG org.mongodb.driver.operation -- Received batch of 1 documents with cursorId 0 from server localhost:27017
]]></system-out>
  </testcase>
</testsuite>